<?xml version="1.0" encoding="UTF-8"?>
<!-- Generated by org.testng.reporters.JUnitXMLReporter -->
<testsuite ignored="0" hostname="LAPTOP-CMHHOHA5" failures="1" tests="4" name="Test" time="43.589" errors="0" timestamp="2025-12-27T01:48:14 IST">
  <testcase classname="senlenium_udemy.functional_tests.standAloneTest2" name="submitOrder" time="3.25">
    <skipped/>
  </testcase> <!-- submitOrder -->
  <testcase classname="senlenium_udemy.functional_tests.standAloneTest2" name="submitOrder" time="3.068">
    <skipped/>
  </testcase> <!-- submitOrder -->
  <testcase classname="senlenium_udemy.functional_tests.standAloneTest2" name="submitOrder" time="3.051">
    <skipped/>
  </testcase> <!-- submitOrder -->
  <testcase classname="senlenium_udemy.functional_tests.standAloneTest2" name="submitOrder" time="2.972">
    <failure type="java.lang.NullPointerException" message="Cannot invoke &amp;quot;org.openqa.selenium.WebElement.findElement(org.openqa.selenium.By)&amp;quot; because &amp;quot;label&amp;quot; is null">
      <![CDATA[java.lang.NullPointerException: Cannot invoke "org.openqa.selenium.WebElement.findElement(org.openqa.selenium.By)" because "label" is null
at senlenium_udemy.functional_tests.pageObject.Payment.EnterField(Payment.java:47)
at senlenium_udemy.functional_tests.standAloneTest2.submitOrder(standAloneTest2.java:30)
at java.base/java.util.ArrayList.forEach(ArrayList.java:1597)
... Removed 29 stack frames]]>
    </failure>
  </testcase> <!-- submitOrder -->
</testsuite> <!-- Test -->
