<?xml version="1.0" encoding="UTF-8"?>
<testng-results ignored="0" total="0" passed="0" failed="0" skipped="0">
  <reporter-output>
  </reporter-output>
  <suite started-at="2025-12-28T16:07:09 IST" name="Default suite" finished-at="2025-12-28T16:07:09 IST" duration-ms="439">
    <groups>
      <group name="cucumber">
        <method signature="AbstractTestNGCucumberTests.runScenario(io.cucumber.testng.PickleWrapper,io.cucumber.testng.FeatureWrapper)[pri:0, instance:cucumber.RunnerCucumberTestNG@2925bf5b]" name="runScenario" class="io.cucumber.testng.AbstractTestNGCucumberTests"/>
      </group> <!-- cucumber -->
    </groups>
    <test started-at="2025-12-28T16:07:09 IST" name="Default test" finished-at="2025-12-28T16:07:09 IST" duration-ms="439">
      <class name="cucumber.RunnerCucumberTestNG">
        <test-method is-config="true" signature="setUpClass(org.testng.ITestContext)[pri:0, instance:cucumber.RunnerCucumberTestNG@2925bf5b]" started-at="2025-12-28T16:07:09 IST" name="setUpClass" finished-at="2025-12-28T16:07:09 IST" duration-ms="403" status="PASS">
          <params>
            <param index="0">
              <value>
                <![CDATA[org.testng.TestRunner@62e70ea3]]>
              </value>
            </param>
          </params>
          <reporter-output>
          </reporter-output>
        </test-method> <!-- setUpClass -->
        <test-method is-config="true" signature="tearDownClass()[pri:0, instance:cucumber.RunnerCucumberTestNG@2925bf5b]" started-at="2025-12-28T16:07:09 IST" name="tearDownClass" finished-at="2025-12-28T16:07:09 IST" duration-ms="13" status="PASS">
          <reporter-output>
          </reporter-output>
        </test-method> <!-- tearDownClass -->
      </class> <!-- cucumber.RunnerCucumberTestNG -->
    </test> <!-- Default test -->
  </suite> <!-- Default suite -->
</testng-results>
