<?xml version="1.0" encoding="UTF-8"?>
<!-- Generated by org.testng.reporters.JUnitReportReporter -->
<testsuite hostname="LAPTOP-CMHHOHA5" failures="0" tests="5" name="senlenium_udemy.functional_tests.standAloneWithParameters" time="34.328" errors="0" timestamp="2025-12-26T21:26:31 IST" skipped="3">
  <testcase classname="senlenium_udemy.functional_tests.standAloneWithParameters" name="submitOrder" time="7.243">
    <skipped/>
  </testcase> <!-- submitOrder -->
  <testcase classname="senlenium_udemy.functional_tests.standAloneWithParameters" name="submitOrder" time="6.793">
    <skipped/>
  </testcase> <!-- submitOrder -->
  <testcase classname="senlenium_udemy.functional_tests.standAloneWithParameters" name="submitOrder" time="6.583">
    <skipped/>
  </testcase> <!-- submitOrder -->
  <testcase classname="senlenium_udemy.functional_tests.standAloneWithParameters" name="submitOrder" time="6.889"/>
  <testcase classname="senlenium_udemy.functional_tests.standAloneWithParameters" name="submitOrder" time="6.820"/>
</testsuite> <!-- senlenium_udemy.functional_tests.standAloneWithParameters -->
